0 info it worked if it ends with ok
1 verbose cli [ 'C:\\Program Files (x86)\\nodejs\\\\node.exe',
1 verbose cli   'C:\\Program Files (x86)\\nodejs\\node_modules\\npm\\bin\\npm-cli.js',
1 verbose cli   'install',
1 verbose cli   'compoent-inherit' ]
2 info using npm@1.4.28
3 info using node@v0.10.33
4 verbose node symlink C:\Program Files (x86)\nodejs\\node.exe
5 warn package.json whiteboard@0.0.1 No repository field.
6 warn package.json whiteboard@0.0.1 No README data
7 warn package.json parseqs@0.0.3 No README data
8 warn package.json url@0.10.1 url is also the name of a node core module.
9 verbose readDependencies using package.json deps
10 verbose cache add [ 'compoent-inherit', null ]
11 verbose cache add name=undefined spec="compoent-inherit" args=["compoent-inherit",null]
12 verbose parsed url { protocol: null,
12 verbose parsed url   slashes: null,
12 verbose parsed url   auth: null,
12 verbose parsed url   host: null,
12 verbose parsed url   port: null,
12 verbose parsed url   hostname: null,
12 verbose parsed url   hash: null,
12 verbose parsed url   search: null,
12 verbose parsed url   query: null,
12 verbose parsed url   pathname: 'compoent-inherit',
12 verbose parsed url   path: 'compoent-inherit',
12 verbose parsed url   href: 'compoent-inherit' }
13 silly lockFile 41603db6-compoent-inherit compoent-inherit
14 verbose lock compoent-inherit C:\Users\Janakiraman\AppData\Roaming\npm-cache\41603db6-compoent-inherit.lock
15 silly lockFile 41603db6-compoent-inherit compoent-inherit
16 silly lockFile 41603db6-compoent-inherit compoent-inherit
17 verbose addNamed [ 'compoent-inherit', '' ]
18 verbose addNamed [ null, '*' ]
19 silly lockFile 09fd6b25-compoent-inherit compoent-inherit@
20 verbose lock compoent-inherit@ C:\Users\Janakiraman\AppData\Roaming\npm-cache\09fd6b25-compoent-inherit.lock
21 silly addNameRange { name: 'compoent-inherit', range: '*', hasData: false }
22 verbose request where is /compoent-inherit
23 verbose request registry http://registry.npmjs.org/
24 verbose request id dc88f4c7ac9c2150
25 verbose url raw /compoent-inherit
26 verbose url resolving [ 'http://registry.npmjs.org/', './compoent-inherit' ]
27 verbose url resolved http://registry.npmjs.org/compoent-inherit
28 verbose request where is http://registry.npmjs.org/compoent-inherit
29 info trying registry request attempt 1 at 14:15:07
30 http GET http://registry.npmjs.org/compoent-inherit
31 http 404 http://registry.npmjs.org/compoent-inherit
32 verbose headers { server: 'CouchDB/1.5.0 (Erlang OTP/R16B03)',
32 verbose headers   'content-type': 'application/json',
32 verbose headers   'cache-control': 'max-age=0',
32 verbose headers   'content-length': '52',
32 verbose headers   'accept-ranges': 'bytes',
32 verbose headers   date: 'Sat, 29 Nov 2014 19:15:14 GMT',
32 verbose headers   via: '1.1 varnish',
32 verbose headers   age: '0',
32 verbose headers   connection: 'keep-alive',
32 verbose headers   'x-served-by': 'cache-jfk1027-JFK',
32 verbose headers   'x-cache': 'MISS',
32 verbose headers   'x-cache-hits': '0',
32 verbose headers   'x-timer': 'S1417288513.768226,VS0,VE363' }
33 silly registry.get cb [ 404,
33 silly registry.get   { server: 'CouchDB/1.5.0 (Erlang OTP/R16B03)',
33 silly registry.get     'content-type': 'application/json',
33 silly registry.get     'cache-control': 'max-age=0',
33 silly registry.get     'content-length': '52',
33 silly registry.get     'accept-ranges': 'bytes',
33 silly registry.get     date: 'Sat, 29 Nov 2014 19:15:14 GMT',
33 silly registry.get     via: '1.1 varnish',
33 silly registry.get     age: '0',
33 silly registry.get     connection: 'keep-alive',
33 silly registry.get     'x-served-by': 'cache-jfk1027-JFK',
33 silly registry.get     'x-cache': 'MISS',
33 silly registry.get     'x-cache-hits': '0',
33 silly registry.get     'x-timer': 'S1417288513.768226,VS0,VE363' } ]
34 silly lockFile 09fd6b25-compoent-inherit compoent-inherit@
35 silly lockFile 09fd6b25-compoent-inherit compoent-inherit@
36 error 404 404 Not Found: compoent-inherit
36 error 404
36 error 404 'compoent-inherit' is not in the npm registry.
36 error 404 You should bug the author to publish it
36 error 404 It was specified as a dependency of 'whiteboard'
36 error 404
36 error 404 Note that you can also install from a
36 error 404 tarball, folder, or http url, or git url.
37 error System Windows_NT 6.1.7601
38 error command "C:\\Program Files (x86)\\nodejs\\\\node.exe" "C:\\Program Files (x86)\\nodejs\\node_modules\\npm\\bin\\npm-cli.js" "install" "compoent-inherit"
39 error cwd C:\Users\Janakiraman\Documents\Whiteboard\src
40 error node -v v0.10.33
41 error npm -v 1.4.28
42 error code E404
43 verbose exit [ 1, true ]
